<?xml version="1.0" encoding="UTF-8"?>
<!-- Generated by org.testng.reporters.JUnitReportReporter -->
<testsuite hostname="LAPTOP-J50UHHCV" failures="0" tests="5" name="TestNg.DisableTestScript" time="0.020" errors="0" timestamp="2023-02-14T13:31:11 IST" skipped="1">
  <testcase classname="TestNg.DisableTestScript" name="test2" time="0.002"/>
  <system-out/>
  <testcase classname="TestNg.DisableTestScript" name="test2" time="0.002"/>
  <system-out/>
  <testcase classname="TestNg.DisableTestScript" name="test3" time="0.002"/>
  <system-out/>
  <testcase classname="TestNg.DisableTestScript" name="test2" time="0.014"/>
  <system-out/>
  <testcase classname="TestNg.DisableTestScript" name="test1">
    <skipped/>
  </testcase> <!-- test1 -->
  <system-out/>
</testsuite> <!-- TestNg.DisableTestScript -->
