<?xml version="1.0" encoding="UTF-8"?>
<!-- Generated by org.testng.reporters.JUnitReportReporter -->
<testsuite hostname="LAPTOP-J50UHHCV" failures="0" tests="2" name="CrossBrowserParallelExecution.Test1" time="7.360" errors="0" timestamp="2023-02-17T13:25:28 IST" skipped="0">
  <testcase classname="CrossBrowserParallelExecution.Test1" name="googletest" time="3.424"/>
  <system-out/>
  <testcase classname="CrossBrowserParallelExecution.Test1" name="googletest" time="3.936"/>
  <system-out/>
</testsuite> <!-- CrossBrowserParallelExecution.Test1 -->
