<?xml version="1.0" encoding="UTF-8"?>
<!-- Generated by org.testng.reporters.JUnitReportReporter -->
<testsuite hostname="LAPTOP-J50UHHCV" failures="0" tests="1" name="DistributedParallelExecution.Test5" time="0.003" errors="0" timestamp="2023-02-16T13:35:13 IST" skipped="0">
  <testcase classname="DistributedParallelExecution.Test5" name="demo5" time="0.003"/>
  <system-out/>
</testsuite> <!-- DistributedParallelExecution.Test5 -->
