<?xml version="1.0" encoding="UTF-8"?>
<!-- Generated by org.testng.reporters.JUnitReportReporter -->
<testsuite hostname="LAPTOP-J50UHHCV" failures="0" tests="5" name="TestNg.PriorityPractice" time="0.025" errors="0" timestamp="2023-02-14T13:13:42 IST" skipped="0">
  <testcase classname="TestNg.PriorityPractice" name="demo1" time="0.018"/>
  <system-out/>
  <testcase classname="TestNg.PriorityPractice" name="demo4" time="0.001"/>
  <system-out/>
  <testcase classname="TestNg.PriorityPractice" name="demo5" time="0.002"/>
  <system-out/>
  <testcase classname="TestNg.PriorityPractice" name="demo3" time="0.002"/>
  <system-out/>
  <testcase classname="TestNg.PriorityPractice" name="demo2" time="0.002"/>
  <system-out/>
</testsuite> <!-- TestNg.PriorityPractice -->
