<?xml version="1.0" encoding="UTF-8"?>
<!-- Generated by org.testng.reporters.JUnitReportReporter -->
<testsuite hostname="LAPTOP-J50UHHCV" failures="0" tests="1" name="Assertions.WhyNotIfElse" time="0.011" errors="0" timestamp="2023-02-17T13:45:34 IST" skipped="0">
  <testcase classname="Assertions.WhyNotIfElse" name="demo1" time="0.011"/>
  <system-out/>
</testsuite> <!-- Assertions.WhyNotIfElse -->
