<?xml version="1.0" encoding="UTF-8"?>
<!-- Generated by org.testng.reporters.JUnitReportReporter -->
<testsuite hostname="LAPTOP-J50UHHCV" failures="0" tests="6" name="TestNg.InvocationCount" time="0.025" errors="0" timestamp="2023-02-14T13:20:50 IST" skipped="0">
  <testcase classname="TestNg.InvocationCount" name="test2" time="0.002"/>
  <system-out/>
  <testcase classname="TestNg.InvocationCount" name="test3" time="0.002"/>
  <system-out/>
  <testcase classname="TestNg.InvocationCount" name="test1" time="0.002"/>
  <system-out/>
  <testcase classname="TestNg.InvocationCount" name="test1" time="0.015"/>
  <system-out/>
  <testcase classname="TestNg.InvocationCount" name="test2" time="0.002"/>
  <system-out/>
  <testcase classname="TestNg.InvocationCount" name="test2" time="0.002"/>
  <system-out/>
</testsuite> <!-- TestNg.InvocationCount -->
