<?xml version="1.0" encoding="UTF-8"?>
<!-- Generated by org.testng.reporters.JUnitReportReporter -->
<testsuite hostname="LAPTOP-J50UHHCV" failures="0" tests="1" name="BatchExecution.Test1" time="0.001" errors="0" timestamp="2023-02-17T14:14:38 IST" skipped="0">
  <testcase classname="BatchExecution.Test1" name="demo1" time="0.001"/>
  <system-out/>
</testsuite> <!-- BatchExecution.Test1 -->
