<?xml version="1.0" encoding="UTF-8"?>
<!-- Generated by org.testng.reporters.JUnitReportReporter -->
<testsuite hostname="LAPTOP-J50UHHCV" failures="0" tests="2" name="CrossBrowserParallelExecution.Test2" time="19.989" errors="0" timestamp="2023-02-17T13:25:28 IST" skipped="0">
  <testcase classname="CrossBrowserParallelExecution.Test2" name="swiggytest" time="10.688"/>
  <system-out/>
  <testcase classname="CrossBrowserParallelExecution.Test2" name="swiggytest" time="9.301"/>
  <system-out/>
</testsuite> <!-- CrossBrowserParallelExecution.Test2 -->
