<?xml version="1.0" encoding="UTF-8"?>
<!-- Generated by org.testng.reporters.JUnitReportReporter -->
<testsuite hostname="LAPTOP-J50UHHCV" failures="0" tests="1" name="GroupExecution.Test3" time="0.002" errors="0" timestamp="2023-02-15T14:21:37 IST" skipped="0">
  <testcase classname="GroupExecution.Test3" name="demo2" time="0.002"/>
  <system-out/>
</testsuite> <!-- GroupExecution.Test3 -->
