<?xml version="1.0" encoding="UTF-8"?>
<!-- Generated by org.testng.reporters.JUnitReportReporter -->
<testsuite hostname="LAPTOP-J50UHHCV" failures="0" tests="1" name="Assertions.HardAssert" time="0.018" errors="0" timestamp="2023-02-17T13:48:28 IST" skipped="0">
  <testcase classname="Assertions.HardAssert" name="demo" time="0.018"/>
  <system-out/>
</testsuite> <!-- Assertions.HardAssert -->
