<?xml version="1.0" encoding="UTF-8"?>
<!-- Generated by org.testng.reporters.JUnitReportReporter -->
<testsuite hostname="LAPTOP-J50UHHCV" failures="0" tests="1" name="BatchExecution.Test3" time="0.013" errors="0" timestamp="2023-02-17T14:14:38 IST" skipped="0">
  <testcase classname="BatchExecution.Test3" name="demo2" time="0.013"/>
  <system-out/>
</testsuite> <!-- BatchExecution.Test3 -->
