<?xml version="1.0" encoding="UTF-8"?>
<!-- Generated by org.testng.reporters.JUnitReportReporter -->
<testsuite hostname="LAPTOP-J50UHHCV" failures="0" tests="1" name="TestNg.TestNgSample" time="0.015" errors="0" timestamp="2023-02-14T13:01:43 IST" skipped="0">
  <testcase classname="TestNg.TestNgSample" name="demo" time="0.015"/>
  <system-out>
    <![CDATA[Hello World]]>
  </system-out>
</testsuite> <!-- TestNg.TestNgSample -->
