<?xml version="1.0" encoding="UTF-8"?>
<!-- Generated by org.testng.reporters.JUnitReportReporter -->
<testsuite hostname="LAPTOP-J50UHHCV" failures="0" tests="1" name="Annotaions.TestScript" time="0.009" errors="0" timestamp="2023-02-15T13:36:32 IST" skipped="0">
  <testcase classname="Annotaions.TestScript" name="Test1" time="0.009"/>
  <system-out/>
</testsuite> <!-- Annotaions.TestScript -->
