<?xml version="1.0" encoding="UTF-8"?>
<!-- Generated by org.testng.reporters.JUnitReportReporter -->
<testsuite hostname="LAPTOP-J50UHHCV" failures="0" tests="2" name="TestNg.DependsOnMethods" time="15.038" errors="0" timestamp="2023-02-20T21:05:45 IST" skipped="0">
  <testcase classname="TestNg.DependsOnMethods" name="loginActitime" time="4.733"/>
  <system-out/>
  <testcase classname="TestNg.DependsOnMethods" name="navigateToActitime" time="10.305"/>
  <system-out/>
</testsuite> <!-- TestNg.DependsOnMethods -->
